Flutter crash report.
Please report a bug at https://github.com/flutter/flutter/issues.

## command

flutter --no-color pub get

## exception

FormatException: FormatException: Unexpected end of input (at character 1)

^


```
#0      _ChunkedJsonParser.fail (dart:convert-patch/convert_patch.dart:1404:5)
#1      _ChunkedJsonParser.close (dart:convert-patch/convert_patch.dart:522:7)
#2      _parseJson (dart:convert-patch/convert_patch.dart:41:10)
#3      JsonDecoder.convert (dart:convert/json.dart:506:36)
#4      JsonCodec.decode (dart:convert/json.dart:157:41)
#5      createPluginSymlinks (package:flutter_tools/src/plugins.dart:1418:50)
#6      refreshPluginsList (package:flutter_tools/src/plugins.dart:1509:5)
<asynchronous suspension>
#7      FlutterProject.ensureReadyForPlatformSpecificTooling (package:flutter_tools/src/project.dart:294:5)
<asynchronous suspension>
#8      PackagesGetCommand.runCommand (package:flutter_tools/src/commands/packages.dart:167:5)
<asynchronous suspension>
#9      FlutterCommand.verifyThenRunCommand (package:flutter_tools/src/runner/flutter_command.dart:1186:12)
<asynchronous suspension>
#10     FlutterCommand.run.<anonymous closure> (package:flutter_tools/src/runner/flutter_command.dart:1037:27)
<asynchronous suspension>
#11     AppContext.run.<anonymous closure> (package:flutter_tools/src/base/context.dart:152:19)
<asynchronous suspension>
#12     AppContext.run (package:flutter_tools/src/base/context.dart:151:12)
<asynchronous suspension>
#13     CommandRunner.runCommand (package:args/command_runner.dart:197:13)
<asynchronous suspension>
#14     FlutterCommandRunner.runCommand.<anonymous closure> (package:flutter_tools/src/runner/flutter_command_runner.dart:283:9)
<asynchronous suspension>
#15     AppContext.run.<anonymous closure> (package:flutter_tools/src/base/context.dart:152:19)
<asynchronous suspension>
#16     AppContext.run (package:flutter_tools/src/base/context.dart:151:12)
<asynchronous suspension>
#17     FlutterCommandRunner.runCommand (package:flutter_tools/src/runner/flutter_command_runner.dart:239:5)
<asynchronous suspension>
#18     run.<anonymous closure>.<anonymous closure> (package:flutter_tools/runner.dart:62:9)
<asynchronous suspension>
#19     run.<anonymous closure> (package:flutter_tools/runner.dart:60:12)
<asynchronous suspension>
#20     AppContext.run.<anonymous closure> (package:flutter_tools/src/base/context.dart:152:19)
<asynchronous suspension>
#21     AppContext.run (package:flutter_tools/src/base/context.dart:151:12)
<asynchronous suspension>
#22     runInContext (package:flutter_tools/src/context_runner.dart:77:10)
<asynchronous suspension>
#23     main (package:flutter_tools/executable.dart:92:3)
<asynchronous suspension>
```

## flutter doctor

```
[✓] Flutter (Channel dev, 2.1.0-10.0.pre, on Microsoft Windows [Version 10.0.19042.985], locale en-IN)
    • Flutter version 2.1.0-10.0.pre at C:\src\flutter\flutter
    • Framework revision cc9b78fc5c (3 months ago), 2021-02-25 13:26:03 -0800
    • Engine revision a252ec09b7
    • Dart version 2.13.0 (build 2.13.0-77.0.dev)

[✓] Android toolchain - develop for Android devices (Android SDK version 30.0.3)
    • Android SDK at C:\Users\Dell\AppData\Local\Android\sdk
    • Platform android-30, build-tools 30.0.3
    • Java binary at: C:\Program Files\Android\Android Studio\jre\bin\java
    • Java version OpenJDK Runtime Environment (build 1.8.0_242-release-1644-b01)
    • All Android licenses accepted.

[✓] Chrome - develop for the web
    • Chrome at C:\Program Files (x86)\Google\Chrome\Application\chrome.exe

[✓] Android Studio (version 4.1.0)
    • Android Studio at C:\Program Files\Android\Android Studio
    • Flutter plugin can be installed from:
      🔨 https://plugins.jetbrains.com/plugin/9212-flutter
    • Dart plugin can be installed from:
      🔨 https://plugins.jetbrains.com/plugin/6351-dart
    • Java version OpenJDK Runtime Environment (build 1.8.0_242-release-1644-b01)

[✓] VS Code (version 1.54.1)
    • VS Code at C:\Users\Dell\AppData\Local\Programs\Microsoft VS Code
    • Flutter extension version 3.20.0

[✓] Connected device (3 available)
    • SM A217F (mobile) • RZ8N7137ZWT • android-arm64  • Android 11 (API 30)
    • Chrome (web)      • chrome      • web-javascript • Google Chrome 90.0.4430.212
    • Edge (web)        • edge        • web-javascript • Microsoft Edge 91.0.864.37

• No issues found!
```
